2018-03-12 00:17:34,426 INFO e.u.p.m.MastermindMain [main] Numero de argumentos introducidos: 0
2018-03-12 00:19:17,481 INFO e.u.p.m.MastermindMain [main] Numero de argumentos introducidos: 3
2018-03-12 00:19:17,483 INFO e.u.p.m.MastermindMain [main] Longitud de la combinacion introducida: 4
2018-03-12 00:19:17,483 INFO e.u.p.m.MastermindMain [main] Numero de intentos introducidos: 8
2018-03-12 00:19:17,483 INFO e.u.p.m.MastermindMain [main] Repeticion: 0
2018-03-12 00:19:17,484 INFO e.u.p.m.Mastermind [main] Combinacion aleatoria generada: [R][B][C][G]
2018-03-12 00:19:17,484 INFO e.u.p.m.Interfaz [main] Iniciando juego
2018-03-12 00:19:25,511 INFO e.u.p.m.Interfaz [main] Linea introducida por el usuario: RGBP
2018-03-12 00:19:25,511 INFO e.u.p.m.Interfaz [main] Combinacion introducida por el usuario: [R][G][B][P]
2018-03-12 00:19:25,512 INFO e.u.p.m.Mastermind [main] Resultado de comparar las combinaciones: [O][X][X] - 
2018-03-12 00:19:25,512 INFO e.u.p.m.Interfaz [main] Intento numero:1 finalizado
2018-03-12 00:20:48,432 INFO e.u.p.m.MastermindMain [main] Numero de argumentos introducidos: 3
2018-03-12 00:20:48,433 INFO e.u.p.m.MastermindMain [main] Longitud de la combinacion introducida: 4
2018-03-12 00:20:48,433 INFO e.u.p.m.MastermindMain [main] Numero de intentos introducidos: 8
2018-03-12 00:20:48,434 INFO e.u.p.m.MastermindMain [main] Repeticion: 0
2018-03-12 00:20:48,434 INFO e.u.p.m.Mastermind [main] Combinacion aleatoria generada: [G][R][P][C]
2018-03-12 00:20:48,434 INFO e.u.p.m.Interfaz [main] Iniciando juego
2018-03-12 00:20:56,639 INFO e.u.p.m.Interfaz [main] Linea introducida por el usuario: RGYB
2018-03-12 00:20:56,639 INFO e.u.p.m.Interfaz [main] Combinacion introducida por el usuario: [R][G][Y][B]
2018-03-12 00:20:56,639 INFO e.u.p.m.Mastermind [main] Resultado de comparar las combinaciones: [X][X] -  - 
2018-03-12 00:20:56,639 INFO e.u.p.m.Interfaz [main] Intento numero:1 finalizado
2018-03-12 00:21:11,143 INFO e.u.p.m.Interfaz [main] Linea introducida por el usuario: RGYP
2018-03-12 00:21:11,143 INFO e.u.p.m.Interfaz [main] Combinacion introducida por el usuario: [R][G][Y][P]
2018-03-12 00:21:11,143 INFO e.u.p.m.Mastermind [main] Resultado de comparar las combinaciones: [X][X][X] - 
2018-03-12 00:21:11,143 INFO e.u.p.m.Interfaz [main] Intento numero:2 finalizado
2018-03-12 00:21:20,607 INFO e.u.p.m.Interfaz [main] Linea introducida por el usuario: BGYC
2018-03-12 00:21:20,607 INFO e.u.p.m.Interfaz [main] Combinacion introducida por el usuario: [B][G][Y][C]
2018-03-12 00:21:20,607 INFO e.u.p.m.Mastermind [main] Resultado de comparar las combinaciones: [O][X] -  - 
2018-03-12 00:21:20,607 INFO e.u.p.m.Interfaz [main] Intento numero:3 finalizado
2018-03-12 00:21:35,038 INFO e.u.p.m.Interfaz [main] Linea introducida por el usuario: BRGP
2018-03-12 00:21:35,039 INFO e.u.p.m.Interfaz [main] Combinacion introducida por el usuario: [B][R][G][P]
2018-03-12 00:21:35,039 INFO e.u.p.m.Mastermind [main] Resultado de comparar las combinaciones: [O][X][X] - 
2018-03-12 00:21:35,039 INFO e.u.p.m.Interfaz [main] Intento numero:4 finalizado
2018-03-12 00:21:46,519 INFO e.u.p.m.Interfaz [main] Linea introducida por el usuario: BYRG
2018-03-12 00:21:46,519 INFO e.u.p.m.Interfaz [main] Combinacion introducida por el usuario: [B][Y][R][G]
2018-03-12 00:21:46,519 INFO e.u.p.m.Mastermind [main] Resultado de comparar las combinaciones: [X][X] -  - 
2018-03-12 00:21:46,519 INFO e.u.p.m.Interfaz [main] Intento numero:5 finalizado
2018-03-12 00:21:59,911 INFO e.u.p.m.Interfaz [main] Linea introducida por el usuario: BGYC
2018-03-12 00:21:59,911 INFO e.u.p.m.Interfaz [main] Combinacion introducida por el usuario: [B][G][Y][C]
2018-03-12 00:21:59,911 INFO e.u.p.m.Mastermind [main] Resultado de comparar las combinaciones: [O][X] -  - 
2018-03-12 00:21:59,911 INFO e.u.p.m.Interfaz [main] Intento numero:6 finalizado
2018-03-12 00:22:06,335 INFO e.u.p.m.Interfaz [main] Linea introducida por el usuario: ASDF
